[2024-11-08T20:31:44.172+0000] {local_task_job_runner.py:123} INFO - ::group::Pre task execution logs
[2024-11-08T20:31:44.198+0000] {taskinstance.py:2613} INFO - Dependencies all met for dep_context=non-requeueable deps ti=<TaskInstance: hee.1 scheduled__2021-11-15T00:00:00+00:00 [queued]>
[2024-11-08T20:31:44.211+0000] {taskinstance.py:2613} INFO - Dependencies all met for dep_context=requeueable deps ti=<TaskInstance: hee.1 scheduled__2021-11-15T00:00:00+00:00 [queued]>
[2024-11-08T20:31:44.212+0000] {taskinstance.py:2866} INFO - Starting attempt 1 of 6
[2024-11-08T20:31:44.249+0000] {taskinstance.py:2889} INFO - Executing <Task(BashOperator): 1> on 2021-11-15 00:00:00+00:00
[2024-11-08T20:31:44.263+0000] {logging_mixin.py:190} WARNING - /home/***/.local/lib/python3.12/site-packages/***/task/task_runner/standard_task_runner.py:70 DeprecationWarning: This process (pid=841) is multi-threaded, use of fork() may lead to deadlocks in the child.
[2024-11-08T20:31:44.262+0000] {standard_task_runner.py:104} INFO - Running: ['***', 'tasks', 'run', 'hee', '1', 'scheduled__2021-11-15T00:00:00+00:00', '--job-id', '119', '--raw', '--subdir', 'DAGS_FOLDER/hee.py', '--cfg-path', '/tmp/tmp256ywum2']
[2024-11-08T20:31:44.265+0000] {standard_task_runner.py:72} INFO - Started process 849 to run task
[2024-11-08T20:31:44.265+0000] {standard_task_runner.py:105} INFO - Job 119: Subtask 1
[2024-11-08T20:31:44.354+0000] {task_command.py:467} INFO - Running <TaskInstance: hee.1 scheduled__2021-11-15T00:00:00+00:00 [running]> on host 760cfa001a08
[2024-11-08T20:31:44.537+0000] {taskinstance.py:3132} INFO - Exporting env vars: AIRFLOW_CTX_DAG_OWNER='ndst' AIRFLOW_CTX_DAG_ID='hee' AIRFLOW_CTX_TASK_ID='1' AIRFLOW_CTX_EXECUTION_DATE='2021-11-15T00:00:00+00:00' AIRFLOW_CTX_TRY_NUMBER='1' AIRFLOW_CTX_DAG_RUN_ID='scheduled__2021-11-15T00:00:00+00:00'
[2024-11-08T20:31:44.544+0000] {taskinstance.py:731} INFO - ::endgroup::
[2024-11-08T20:31:44.587+0000] {subprocess.py:78} INFO - Tmp dir root location: /tmp
[2024-11-08T20:31:44.592+0000] {subprocess.py:88} INFO - Running command: ['/usr/bin/bash', '-c', 'echo hello world, fuck you heekuy']
[2024-11-08T20:31:44.614+0000] {subprocess.py:99} INFO - Output:
[2024-11-08T20:31:44.616+0000] {subprocess.py:106} INFO - hello world, fuck you heekuy
[2024-11-08T20:31:44.617+0000] {subprocess.py:110} INFO - Command exited with return code 0
[2024-11-08T20:31:44.649+0000] {taskinstance.py:340} INFO - ::group::Post task execution logs
[2024-11-08T20:31:44.650+0000] {taskinstance.py:352} INFO - Marking task as SUCCESS. dag_id=hee, task_id=1, run_id=scheduled__2021-11-15T00:00:00+00:00, execution_date=20211115T000000, start_date=20241108T203144, end_date=20241108T203144
[2024-11-08T20:31:44.726+0000] {local_task_job_runner.py:266} INFO - Task exited with return code 0
[2024-11-08T20:31:44.742+0000] {taskinstance.py:3895} INFO - 0 downstream tasks scheduled from follow-on schedule check
[2024-11-08T20:31:44.744+0000] {local_task_job_runner.py:245} INFO - ::endgroup::
