[2024-11-08T20:31:10.497+0000] {local_task_job_runner.py:123} INFO - ::group::Pre task execution logs
[2024-11-08T20:31:10.521+0000] {taskinstance.py:2613} INFO - Dependencies all met for dep_context=non-requeueable deps ti=<TaskInstance: hee.1 scheduled__2021-08-15T00:00:00+00:00 [queued]>
[2024-11-08T20:31:10.535+0000] {taskinstance.py:2613} INFO - Dependencies all met for dep_context=requeueable deps ti=<TaskInstance: hee.1 scheduled__2021-08-15T00:00:00+00:00 [queued]>
[2024-11-08T20:31:10.536+0000] {taskinstance.py:2866} INFO - Starting attempt 1 of 6
[2024-11-08T20:31:10.559+0000] {taskinstance.py:2889} INFO - Executing <Task(BashOperator): 1> on 2021-08-15 00:00:00+00:00
[2024-11-08T20:31:10.571+0000] {logging_mixin.py:190} WARNING - /home/***/.local/lib/python3.12/site-packages/***/task/task_runner/standard_task_runner.py:70 DeprecationWarning: This process (pid=464) is multi-threaded, use of fork() may lead to deadlocks in the child.
[2024-11-08T20:31:10.573+0000] {standard_task_runner.py:72} INFO - Started process 468 to run task
[2024-11-08T20:31:10.571+0000] {standard_task_runner.py:104} INFO - Running: ['***', 'tasks', 'run', 'hee', '1', 'scheduled__2021-08-15T00:00:00+00:00', '--job-id', '27', '--raw', '--subdir', 'DAGS_FOLDER/hee.py', '--cfg-path', '/tmp/tmp9a23vi9i']
[2024-11-08T20:31:10.575+0000] {standard_task_runner.py:105} INFO - Job 27: Subtask 1
[2024-11-08T20:31:10.635+0000] {task_command.py:467} INFO - Running <TaskInstance: hee.1 scheduled__2021-08-15T00:00:00+00:00 [running]> on host 760cfa001a08
[2024-11-08T20:31:10.766+0000] {taskinstance.py:3132} INFO - Exporting env vars: AIRFLOW_CTX_DAG_OWNER='ndst' AIRFLOW_CTX_DAG_ID='hee' AIRFLOW_CTX_TASK_ID='1' AIRFLOW_CTX_EXECUTION_DATE='2021-08-15T00:00:00+00:00' AIRFLOW_CTX_TRY_NUMBER='1' AIRFLOW_CTX_DAG_RUN_ID='scheduled__2021-08-15T00:00:00+00:00'
[2024-11-08T20:31:10.768+0000] {taskinstance.py:731} INFO - ::endgroup::
[2024-11-08T20:31:10.792+0000] {subprocess.py:78} INFO - Tmp dir root location: /tmp
[2024-11-08T20:31:10.794+0000] {subprocess.py:88} INFO - Running command: ['/usr/bin/bash', '-c', 'echo hello world, fuck you heekuy']
[2024-11-08T20:31:10.812+0000] {subprocess.py:99} INFO - Output:
[2024-11-08T20:31:10.814+0000] {subprocess.py:106} INFO - hello world, fuck you heekuy
[2024-11-08T20:31:10.815+0000] {subprocess.py:110} INFO - Command exited with return code 0
[2024-11-08T20:31:10.856+0000] {taskinstance.py:340} INFO - ::group::Post task execution logs
[2024-11-08T20:31:10.857+0000] {taskinstance.py:352} INFO - Marking task as SUCCESS. dag_id=hee, task_id=1, run_id=scheduled__2021-08-15T00:00:00+00:00, execution_date=20210815T000000, start_date=20241108T203110, end_date=20241108T203110
[2024-11-08T20:31:10.953+0000] {local_task_job_runner.py:266} INFO - Task exited with return code 0
[2024-11-08T20:31:10.992+0000] {taskinstance.py:3895} INFO - 0 downstream tasks scheduled from follow-on schedule check
[2024-11-08T20:31:10.996+0000] {local_task_job_runner.py:245} INFO - ::endgroup::
