[2024-11-08T20:31:33.727+0000] {local_task_job_runner.py:123} INFO - ::group::Pre task execution logs
[2024-11-08T20:31:33.754+0000] {taskinstance.py:2613} INFO - Dependencies all met for dep_context=non-requeueable deps ti=<TaskInstance: hee.1 scheduled__2021-10-13T00:00:00+00:00 [queued]>
[2024-11-08T20:31:33.767+0000] {taskinstance.py:2613} INFO - Dependencies all met for dep_context=requeueable deps ti=<TaskInstance: hee.1 scheduled__2021-10-13T00:00:00+00:00 [queued]>
[2024-11-08T20:31:33.767+0000] {taskinstance.py:2866} INFO - Starting attempt 1 of 6
[2024-11-08T20:31:33.821+0000] {taskinstance.py:2889} INFO - Executing <Task(BashOperator): 1> on 2021-10-13 00:00:00+00:00
[2024-11-08T20:31:33.832+0000] {logging_mixin.py:190} WARNING - /home/***/.local/lib/python3.12/site-packages/***/task/task_runner/standard_task_runner.py:70 DeprecationWarning: This process (pid=708) is multi-threaded, use of fork() may lead to deadlocks in the child.
[2024-11-08T20:31:33.833+0000] {standard_task_runner.py:72} INFO - Started process 713 to run task
[2024-11-08T20:31:33.832+0000] {standard_task_runner.py:104} INFO - Running: ['***', 'tasks', 'run', 'hee', '1', 'scheduled__2021-10-13T00:00:00+00:00', '--job-id', '86', '--raw', '--subdir', 'DAGS_FOLDER/hee.py', '--cfg-path', '/tmp/tmplkaeb4vo']
[2024-11-08T20:31:33.835+0000] {standard_task_runner.py:105} INFO - Job 86: Subtask 1
[2024-11-08T20:31:33.899+0000] {task_command.py:467} INFO - Running <TaskInstance: hee.1 scheduled__2021-10-13T00:00:00+00:00 [running]> on host 760cfa001a08
[2024-11-08T20:31:34.035+0000] {taskinstance.py:3132} INFO - Exporting env vars: AIRFLOW_CTX_DAG_OWNER='ndst' AIRFLOW_CTX_DAG_ID='hee' AIRFLOW_CTX_TASK_ID='1' AIRFLOW_CTX_EXECUTION_DATE='2021-10-13T00:00:00+00:00' AIRFLOW_CTX_TRY_NUMBER='1' AIRFLOW_CTX_DAG_RUN_ID='scheduled__2021-10-13T00:00:00+00:00'
[2024-11-08T20:31:34.036+0000] {taskinstance.py:731} INFO - ::endgroup::
[2024-11-08T20:31:34.063+0000] {subprocess.py:78} INFO - Tmp dir root location: /tmp
[2024-11-08T20:31:34.065+0000] {subprocess.py:88} INFO - Running command: ['/usr/bin/bash', '-c', 'echo hello world, fuck you heekuy']
[2024-11-08T20:31:34.082+0000] {subprocess.py:99} INFO - Output:
[2024-11-08T20:31:34.084+0000] {subprocess.py:106} INFO - hello world, fuck you heekuy
[2024-11-08T20:31:34.085+0000] {subprocess.py:110} INFO - Command exited with return code 0
[2024-11-08T20:31:34.117+0000] {taskinstance.py:340} INFO - ::group::Post task execution logs
[2024-11-08T20:31:34.118+0000] {taskinstance.py:352} INFO - Marking task as SUCCESS. dag_id=hee, task_id=1, run_id=scheduled__2021-10-13T00:00:00+00:00, execution_date=20211013T000000, start_date=20241108T203133, end_date=20241108T203134
[2024-11-08T20:31:34.171+0000] {local_task_job_runner.py:266} INFO - Task exited with return code 0
[2024-11-08T20:31:34.191+0000] {taskinstance.py:3895} INFO - 0 downstream tasks scheduled from follow-on schedule check
[2024-11-08T20:31:34.194+0000] {local_task_job_runner.py:245} INFO - ::endgroup::
