[2024-11-08T20:32:04.024+0000] {local_task_job_runner.py:123} INFO - ::group::Pre task execution logs
[2024-11-08T20:32:04.041+0000] {taskinstance.py:2613} INFO - Dependencies all met for dep_context=non-requeueable deps ti=<TaskInstance: hee.1 scheduled__2021-12-22T00:00:00+00:00 [queued]>
[2024-11-08T20:32:04.051+0000] {taskinstance.py:2613} INFO - Dependencies all met for dep_context=requeueable deps ti=<TaskInstance: hee.1 scheduled__2021-12-22T00:00:00+00:00 [queued]>
[2024-11-08T20:32:04.052+0000] {taskinstance.py:2866} INFO - Starting attempt 1 of 6
[2024-11-08T20:32:04.067+0000] {taskinstance.py:2889} INFO - Executing <Task(BashOperator): 1> on 2021-12-22 00:00:00+00:00
[2024-11-08T20:32:04.076+0000] {logging_mixin.py:190} WARNING - /home/***/.local/lib/python3.12/site-packages/***/task/task_runner/standard_task_runner.py:70 DeprecationWarning: This process (pid=994) is multi-threaded, use of fork() may lead to deadlocks in the child.
[2024-11-08T20:32:04.078+0000] {standard_task_runner.py:72} INFO - Started process 1002 to run task
[2024-11-08T20:32:04.077+0000] {standard_task_runner.py:104} INFO - Running: ['***', 'tasks', 'run', 'hee', '1', 'scheduled__2021-12-22T00:00:00+00:00', '--job-id', '156', '--raw', '--subdir', 'DAGS_FOLDER/hee.py', '--cfg-path', '/tmp/tmppovn0pd4']
[2024-11-08T20:32:04.080+0000] {standard_task_runner.py:105} INFO - Job 156: Subtask 1
[2024-11-08T20:32:04.142+0000] {task_command.py:467} INFO - Running <TaskInstance: hee.1 scheduled__2021-12-22T00:00:00+00:00 [running]> on host 760cfa001a08
[2024-11-08T20:32:04.253+0000] {taskinstance.py:3132} INFO - Exporting env vars: AIRFLOW_CTX_DAG_OWNER='ndst' AIRFLOW_CTX_DAG_ID='hee' AIRFLOW_CTX_TASK_ID='1' AIRFLOW_CTX_EXECUTION_DATE='2021-12-22T00:00:00+00:00' AIRFLOW_CTX_TRY_NUMBER='1' AIRFLOW_CTX_DAG_RUN_ID='scheduled__2021-12-22T00:00:00+00:00'
[2024-11-08T20:32:04.254+0000] {taskinstance.py:731} INFO - ::endgroup::
[2024-11-08T20:32:04.272+0000] {subprocess.py:78} INFO - Tmp dir root location: /tmp
[2024-11-08T20:32:04.273+0000] {subprocess.py:88} INFO - Running command: ['/usr/bin/bash', '-c', 'echo hello world, fuck you heekuy']
[2024-11-08T20:32:04.288+0000] {subprocess.py:99} INFO - Output:
[2024-11-08T20:32:04.290+0000] {subprocess.py:106} INFO - hello world, fuck you heekuy
[2024-11-08T20:32:04.290+0000] {subprocess.py:110} INFO - Command exited with return code 0
[2024-11-08T20:32:04.316+0000] {taskinstance.py:340} INFO - ::group::Post task execution logs
[2024-11-08T20:32:04.317+0000] {taskinstance.py:352} INFO - Marking task as SUCCESS. dag_id=hee, task_id=1, run_id=scheduled__2021-12-22T00:00:00+00:00, execution_date=20211222T000000, start_date=20241108T203204, end_date=20241108T203204
[2024-11-08T20:32:04.336+0000] {local_task_job_runner.py:266} INFO - Task exited with return code 0
[2024-11-08T20:32:04.364+0000] {taskinstance.py:3895} INFO - 0 downstream tasks scheduled from follow-on schedule check
[2024-11-08T20:32:04.367+0000] {local_task_job_runner.py:245} INFO - ::endgroup::
