[2024-11-08T20:31:41.523+0000] {local_task_job_runner.py:123} INFO - ::group::Pre task execution logs
[2024-11-08T20:31:41.550+0000] {taskinstance.py:2613} INFO - Dependencies all met for dep_context=non-requeueable deps ti=<TaskInstance: hee.1 scheduled__2021-11-05T00:00:00+00:00 [queued]>
[2024-11-08T20:31:41.568+0000] {taskinstance.py:2613} INFO - Dependencies all met for dep_context=requeueable deps ti=<TaskInstance: hee.1 scheduled__2021-11-05T00:00:00+00:00 [queued]>
[2024-11-08T20:31:41.570+0000] {taskinstance.py:2866} INFO - Starting attempt 1 of 6
[2024-11-08T20:31:41.614+0000] {taskinstance.py:2889} INFO - Executing <Task(BashOperator): 1> on 2021-11-05 00:00:00+00:00
[2024-11-08T20:31:41.627+0000] {logging_mixin.py:190} WARNING - /home/***/.local/lib/python3.12/site-packages/***/task/task_runner/standard_task_runner.py:70 DeprecationWarning: This process (pid=796) is multi-threaded, use of fork() may lead to deadlocks in the child.
[2024-11-08T20:31:41.629+0000] {standard_task_runner.py:72} INFO - Started process 810 to run task
[2024-11-08T20:31:41.628+0000] {standard_task_runner.py:104} INFO - Running: ['***', 'tasks', 'run', 'hee', '1', 'scheduled__2021-11-05T00:00:00+00:00', '--job-id', '109', '--raw', '--subdir', 'DAGS_FOLDER/hee.py', '--cfg-path', '/tmp/tmp29dg_n0n']
[2024-11-08T20:31:41.632+0000] {standard_task_runner.py:105} INFO - Job 109: Subtask 1
[2024-11-08T20:31:41.695+0000] {task_command.py:467} INFO - Running <TaskInstance: hee.1 scheduled__2021-11-05T00:00:00+00:00 [running]> on host 760cfa001a08
[2024-11-08T20:31:41.849+0000] {taskinstance.py:3132} INFO - Exporting env vars: AIRFLOW_CTX_DAG_OWNER='ndst' AIRFLOW_CTX_DAG_ID='hee' AIRFLOW_CTX_TASK_ID='1' AIRFLOW_CTX_EXECUTION_DATE='2021-11-05T00:00:00+00:00' AIRFLOW_CTX_TRY_NUMBER='1' AIRFLOW_CTX_DAG_RUN_ID='scheduled__2021-11-05T00:00:00+00:00'
[2024-11-08T20:31:41.850+0000] {taskinstance.py:731} INFO - ::endgroup::
[2024-11-08T20:31:41.873+0000] {subprocess.py:78} INFO - Tmp dir root location: /tmp
[2024-11-08T20:31:41.874+0000] {subprocess.py:88} INFO - Running command: ['/usr/bin/bash', '-c', 'echo hello world, fuck you heekuy']
[2024-11-08T20:31:41.888+0000] {subprocess.py:99} INFO - Output:
[2024-11-08T20:31:41.889+0000] {subprocess.py:106} INFO - hello world, fuck you heekuy
[2024-11-08T20:31:41.890+0000] {subprocess.py:110} INFO - Command exited with return code 0
[2024-11-08T20:31:41.928+0000] {taskinstance.py:340} INFO - ::group::Post task execution logs
[2024-11-08T20:31:41.929+0000] {taskinstance.py:352} INFO - Marking task as SUCCESS. dag_id=hee, task_id=1, run_id=scheduled__2021-11-05T00:00:00+00:00, execution_date=20211105T000000, start_date=20241108T203141, end_date=20241108T203141
[2024-11-08T20:31:41.967+0000] {local_task_job_runner.py:266} INFO - Task exited with return code 0
[2024-11-08T20:31:41.982+0000] {local_task_job_runner.py:245} INFO - ::endgroup::
