[2024-11-08T20:32:25.131+0000] {local_task_job_runner.py:123} INFO - ::group::Pre task execution logs
[2024-11-08T20:32:25.167+0000] {taskinstance.py:2613} INFO - Dependencies all met for dep_context=non-requeueable deps ti=<TaskInstance: hee.1 scheduled__2022-02-14T00:00:00+00:00 [queued]>
[2024-11-08T20:32:25.179+0000] {taskinstance.py:2613} INFO - Dependencies all met for dep_context=requeueable deps ti=<TaskInstance: hee.1 scheduled__2022-02-14T00:00:00+00:00 [queued]>
[2024-11-08T20:32:25.179+0000] {taskinstance.py:2866} INFO - Starting attempt 1 of 6
[2024-11-08T20:32:25.237+0000] {taskinstance.py:2889} INFO - Executing <Task(BashOperator): 1> on 2022-02-14 00:00:00+00:00
[2024-11-08T20:32:25.249+0000] {logging_mixin.py:190} WARNING - /home/***/.local/lib/python3.12/site-packages/***/task/task_runner/standard_task_runner.py:70 DeprecationWarning: This process (pid=1221) is multi-threaded, use of fork() may lead to deadlocks in the child.
[2024-11-08T20:32:25.251+0000] {standard_task_runner.py:72} INFO - Started process 1226 to run task
[2024-11-08T20:32:25.248+0000] {standard_task_runner.py:104} INFO - Running: ['***', 'tasks', 'run', 'hee', '1', 'scheduled__2022-02-14T00:00:00+00:00', '--job-id', '210', '--raw', '--subdir', 'DAGS_FOLDER/hee.py', '--cfg-path', '/tmp/tmpnpc_rcmr']
[2024-11-08T20:32:25.252+0000] {standard_task_runner.py:105} INFO - Job 210: Subtask 1
[2024-11-08T20:32:25.344+0000] {task_command.py:467} INFO - Running <TaskInstance: hee.1 scheduled__2022-02-14T00:00:00+00:00 [running]> on host 760cfa001a08
[2024-11-08T20:32:25.484+0000] {taskinstance.py:3132} INFO - Exporting env vars: AIRFLOW_CTX_DAG_OWNER='ndst' AIRFLOW_CTX_DAG_ID='hee' AIRFLOW_CTX_TASK_ID='1' AIRFLOW_CTX_EXECUTION_DATE='2022-02-14T00:00:00+00:00' AIRFLOW_CTX_TRY_NUMBER='1' AIRFLOW_CTX_DAG_RUN_ID='scheduled__2022-02-14T00:00:00+00:00'
[2024-11-08T20:32:25.485+0000] {taskinstance.py:731} INFO - ::endgroup::
[2024-11-08T20:32:25.514+0000] {subprocess.py:78} INFO - Tmp dir root location: /tmp
[2024-11-08T20:32:25.515+0000] {subprocess.py:88} INFO - Running command: ['/usr/bin/bash', '-c', 'echo hello world, fuck you heekuy']
[2024-11-08T20:32:25.531+0000] {subprocess.py:99} INFO - Output:
[2024-11-08T20:32:25.533+0000] {subprocess.py:106} INFO - hello world, fuck you heekuy
[2024-11-08T20:32:25.534+0000] {subprocess.py:110} INFO - Command exited with return code 0
[2024-11-08T20:32:25.570+0000] {taskinstance.py:340} INFO - ::group::Post task execution logs
[2024-11-08T20:32:25.571+0000] {taskinstance.py:352} INFO - Marking task as SUCCESS. dag_id=hee, task_id=1, run_id=scheduled__2022-02-14T00:00:00+00:00, execution_date=20220214T000000, start_date=20241108T203225, end_date=20241108T203225
[2024-11-08T20:32:25.630+0000] {local_task_job_runner.py:266} INFO - Task exited with return code 0
[2024-11-08T20:32:25.644+0000] {local_task_job_runner.py:245} INFO - ::endgroup::
